<?xml version="1.0" encoding="UTF-8"?>
<robot generator="Robot 3.2.2 (Python 3.9.0 on win32)" generated="20201214 15:09:13.665" rpa="false">
<suite id="s1" name="Ssh Connect" source="C:\Users\oliver.uhlar\Desktop\Projects\ssh_library\ssh_connect.robot">
<test id="s1-t1" name="Connect to VMs">
<kw name="Open Connection" library="SSHLibrary">
<doc>Opens a new SSH connection to the given ``host`` and ``port``.</doc>
<arguments>
<arg>192.168.56.2</arg>
<arg>alias=vm1</arg>
<arg>timeout=50s</arg>
</arguments>
<status status="PASS" starttime="20201214 15:09:13.952" endtime="20201214 15:09:13.952"></status>
</kw>
<kw name="Login With Public Key" library="SSHLibrary">
<doc>Logs into the SSH server using key-based authentication.</doc>
<arguments>
<arg>oliveruhlar</arg>
<arg>w_rsa</arg>
</arguments>
<assign>
<var>${output}</var>
</assign>
<msg timestamp="20201214 15:09:13.953" level="INFO">Logging into '192.168.56.2:22' as 'oliveruhlar'.</msg>
<msg timestamp="20201214 15:09:15.198" level="INFO">Read output: Welcome to Ubuntu 20.04.1 LTS (GNU/Linux 5.4.0-56-generic x86_64)

 * Documentation:  https://help.ubuntu.com
 * Management:     https://landscape.canonical.com
 * Support:        https://ubuntu.com/advantage

0 updates can be installed immediately.
0 of these updates are security updates.

Your Hardware Enablement Stack (HWE) is supported until April 2025.
Last login: Mon Dec 14 15:04:09 2020 from 192.168.56.1
oliveruhlar@ubuntu1:~$</msg>
<msg timestamp="20201214 15:09:15.199" level="INFO">${output} = Welcome to Ubuntu 20.04.1 LTS (GNU/Linux 5.4.0-56-generic x86_64)

 * Documentation:  https://help.ubuntu.com
 * Management:     https://landscape.canonical.com
 * Support:        https://ubuntu.c...</msg>
<status status="PASS" starttime="20201214 15:09:13.953" endtime="20201214 15:09:15.199"></status>
</kw>
<kw name="Should Contain" library="BuiltIn">
<doc>Fails if ``container`` does not contain ``item`` one or more times.</doc>
<arguments>
<arg>${output}</arg>
<arg>Welcome</arg>
</arguments>
<status status="PASS" starttime="20201214 15:09:15.201" endtime="20201214 15:09:15.203"></status>
</kw>
<kw name="Execute Command" library="SSHLibrary">
<doc>Executes ``command`` on the remote machine and returns its outputs.</doc>
<arguments>
<arg>echo 'Hello John!'</arg>
<arg>return_stderr=True</arg>
</arguments>
<assign>
<var>${stdout}</var>
<var>${stderr}</var>
</assign>
<msg timestamp="20201214 15:09:15.205" level="INFO">Executing command 'echo 'Hello John!''.</msg>
<msg timestamp="20201214 15:09:15.222" level="INFO">Command exited with return code 0.</msg>
<msg timestamp="20201214 15:09:15.223" level="INFO">${stdout} = Hello John!</msg>
<msg timestamp="20201214 15:09:15.223" level="INFO">${stderr} = </msg>
<status status="PASS" starttime="20201214 15:09:15.204" endtime="20201214 15:09:15.223"></status>
</kw>
<kw name="Log" library="BuiltIn">
<doc>Logs the given message with the given level.</doc>
<arguments>
<arg>${output}</arg>
</arguments>
<msg timestamp="20201214 15:09:15.234" level="INFO">Welcome to Ubuntu 20.04.1 LTS (GNU/Linux 5.4.0-56-generic x86_64)

 * Documentation:  https://help.ubuntu.com
 * Management:     https://landscape.canonical.com
 * Support:        https://ubuntu.com/advantage

0 updates can be installed immediately.
0 of these updates are security updates.

Your Hardware Enablement Stack (HWE) is supported until April 2025.
Last login: Mon Dec 14 15:04:09 2020 from 192.168.56.1
oliveruhlar@ubuntu1:~$ </msg>
<status status="PASS" starttime="20201214 15:09:15.233" endtime="20201214 15:09:15.235"></status>
</kw>
<kw name="Log" library="BuiltIn">
<doc>Logs the given message with the given level.</doc>
<arguments>
<arg>${stdout}</arg>
</arguments>
<msg timestamp="20201214 15:09:15.237" level="INFO">Hello John!</msg>
<status status="PASS" starttime="20201214 15:09:15.236" endtime="20201214 15:09:15.238"></status>
</kw>
<kw name="Log" library="BuiltIn">
<doc>Logs the given message with the given level.</doc>
<arguments>
<arg>${stderr}</arg>
</arguments>
<msg timestamp="20201214 15:09:15.240" level="INFO"></msg>
<status status="PASS" starttime="20201214 15:09:15.239" endtime="20201214 15:09:15.240"></status>
</kw>
<status status="PASS" starttime="20201214 15:09:13.950" endtime="20201214 15:09:15.242" critical="yes"></status>
</test>
<status status="PASS" starttime="20201214 15:09:13.667" endtime="20201214 15:09:15.247"></status>
</suite>
<statistics>
<total>
<stat pass="1" fail="0">Critical Tests</stat>
<stat pass="1" fail="0">All Tests</stat>
</total>
<tag>
</tag>
<suite>
<stat pass="1" fail="0" id="s1" name="Ssh Connect">Ssh Connect</stat>
</suite>
</statistics>
<errors>
</errors>
</robot>
