<?xml version="1.0" encoding="UTF-8"?>
<robot generator="Robot 3.2.2 (Python 3.9.0 on win32)" generated="20201218 18:38:44.858" rpa="false">
<suite id="s1" name="Ssh Connect" source="C:\Users\oliver.uhlar\Desktop\Projects\ssh_library\ssh_connect.robot">
<kw name="Start vms" type="setup">
<kw name="Start Process" library="Process">
<doc>Starts a new process on background.</doc>
<arguments>
<arg>C:\\Program Files\\Oracle\\VirtualBox\\VBoxManage.exe</arg>
<arg>startvm</arg>
<arg>ubuntu_1</arg>
<arg>{c0382caa-6ce6-4fd3-aab4-77ea96bff7f7}</arg>
<arg>--type</arg>
<arg>headless</arg>
</arguments>
<msg timestamp="20201218 18:38:45.367" level="INFO">Starting process:
"C:\Program Files\Oracle\VirtualBox\VBoxManage.exe" startvm ubuntu_1 {c0382caa-6ce6-4fd3-aab4-77ea96bff7f7} --type headless</msg>
<status status="PASS" starttime="20201218 18:38:45.367" endtime="20201218 18:38:45.373"></status>
</kw>
<kw name="Start Process" library="Process">
<doc>Starts a new process on background.</doc>
<arguments>
<arg>C:\\Program Files\\Oracle\\VirtualBox\\VBoxManage.exe</arg>
<arg>startvm</arg>
<arg>ubuntu_2</arg>
<arg>{c0382caa-6ce6-4fd3-aab4-77ea96bff7f7}</arg>
<arg>--type</arg>
<arg>headless</arg>
</arguments>
<msg timestamp="20201218 18:38:45.374" level="INFO">Starting process:
"C:\Program Files\Oracle\VirtualBox\VBoxManage.exe" startvm ubuntu_2 {c0382caa-6ce6-4fd3-aab4-77ea96bff7f7} --type headless</msg>
<status status="PASS" starttime="20201218 18:38:45.374" endtime="20201218 18:38:45.377"></status>
</kw>
<status status="PASS" starttime="20201218 18:38:45.366" endtime="20201218 18:38:45.377"></status>
</kw>
<test id="s1-t1" name="Connect to VMs">
<kw name="Open Connection" library="SSHLibrary">
<doc>Opens a new SSH connection to the given ``host`` and ``port``.</doc>
<arguments>
<arg>192.168.56.2</arg>
<arg>alias=vm1</arg>
</arguments>
<status status="PASS" starttime="20201218 18:38:45.378" endtime="20201218 18:38:45.379"></status>
</kw>
<kw name="Wait Until Keyword Succeeds" library="BuiltIn">
<doc>Runs the specified keyword and retries if it fails.</doc>
<arguments>
<arg>2min</arg>
<arg>10s</arg>
<arg>Login With Public Key</arg>
<arg>oliveruhlar</arg>
<arg>w_rsa</arg>
</arguments>
<assign>
<var>${output}</var>
</assign>
<kw name="Login With Public Key" library="SSHLibrary">
<doc>Logs into the SSH server using key-based authentication.</doc>
<arguments>
<arg>oliveruhlar</arg>
<arg>w_rsa</arg>
</arguments>
<msg timestamp="20201218 18:38:45.380" level="INFO">Logging into '192.168.56.2:22' as 'oliveruhlar'.</msg>
<msg timestamp="20201218 18:38:48.464" level="FAIL">timeout: timed out</msg>
<status status="FAIL" starttime="20201218 18:38:45.380" endtime="20201218 18:38:48.464"></status>
</kw>
<kw name="Login With Public Key" library="SSHLibrary">
<doc>Logs into the SSH server using key-based authentication.</doc>
<arguments>
<arg>oliveruhlar</arg>
<arg>w_rsa</arg>
</arguments>
<msg timestamp="20201218 18:38:58.466" level="INFO">Logging into '192.168.56.2:22' as 'oliveruhlar'.</msg>
<msg timestamp="20201218 18:39:01.468" level="FAIL">timeout: timed out</msg>
<status status="FAIL" starttime="20201218 18:38:58.465" endtime="20201218 18:39:01.469"></status>
</kw>
<kw name="Login With Public Key" library="SSHLibrary">
<doc>Logs into the SSH server using key-based authentication.</doc>
<arguments>
<arg>oliveruhlar</arg>
<arg>w_rsa</arg>
</arguments>
<msg timestamp="20201218 18:39:11.470" level="INFO">Logging into '192.168.56.2:22' as 'oliveruhlar'.</msg>
<msg timestamp="20201218 18:39:14.472" level="FAIL">timeout: timed out</msg>
<status status="FAIL" starttime="20201218 18:39:11.469" endtime="20201218 18:39:14.472"></status>
</kw>
<kw name="Login With Public Key" library="SSHLibrary">
<doc>Logs into the SSH server using key-based authentication.</doc>
<arguments>
<arg>oliveruhlar</arg>
<arg>w_rsa</arg>
</arguments>
<msg timestamp="20201218 18:39:24.474" level="INFO">Logging into '192.168.56.2:22' as 'oliveruhlar'.</msg>
<msg timestamp="20201218 18:39:27.476" level="FAIL">timeout: timed out</msg>
<status status="FAIL" starttime="20201218 18:39:24.474" endtime="20201218 18:39:27.476"></status>
</kw>
<kw name="Login With Public Key" library="SSHLibrary">
<doc>Logs into the SSH server using key-based authentication.</doc>
<arguments>
<arg>oliveruhlar</arg>
<arg>w_rsa</arg>
</arguments>
<msg timestamp="20201218 18:39:37.480" level="INFO">Logging into '192.168.56.2:22' as 'oliveruhlar'.</msg>
<msg timestamp="20201218 18:39:40.483" level="FAIL">timeout: timed out</msg>
<status status="FAIL" starttime="20201218 18:39:37.479" endtime="20201218 18:39:40.484"></status>
</kw>
<kw name="Login With Public Key" library="SSHLibrary">
<doc>Logs into the SSH server using key-based authentication.</doc>
<arguments>
<arg>oliveruhlar</arg>
<arg>w_rsa</arg>
</arguments>
<msg timestamp="20201218 18:39:50.485" level="INFO">Logging into '192.168.56.2:22' as 'oliveruhlar'.</msg>
<msg timestamp="20201218 18:39:53.488" level="FAIL">timeout: timed out</msg>
<status status="FAIL" starttime="20201218 18:39:50.485" endtime="20201218 18:39:53.488"></status>
</kw>
<kw name="Login With Public Key" library="SSHLibrary">
<doc>Logs into the SSH server using key-based authentication.</doc>
<arguments>
<arg>oliveruhlar</arg>
<arg>w_rsa</arg>
</arguments>
<msg timestamp="20201218 18:40:03.489" level="INFO">Logging into '192.168.56.2:22' as 'oliveruhlar'.</msg>
<msg timestamp="20201218 18:40:05.550" level="INFO">Read output: Welcome to Ubuntu 20.04.1 LTS (GNU/Linux 5.4.0-56-generic x86_64)

 * Documentation:  https://help.ubuntu.com
 * Management:     https://landscape.canonical.com
 * Support:        https://ubuntu.com/advantage

0 updates can be installed immediately.
0 of these updates are security updates.


The list of available updates is more than a week old.
To check for new updates run: sudo apt update
Your Hardware Enablement Stack (HWE) is supported until April 2025.
Last login: Wed Dec 16 13:09:19 2020 from 192.168.56.1
oliveruhlar@ubuntu1:~$</msg>
<status status="PASS" starttime="20201218 18:40:03.489" endtime="20201218 18:40:05.550"></status>
</kw>
<msg timestamp="20201218 18:40:05.550" level="INFO">${output} = Welcome to Ubuntu 20.04.1 LTS (GNU/Linux 5.4.0-56-generic x86_64)

 * Documentation:  https://help.ubuntu.com
 * Management:     https://landscape.canonical.com
 * Support:        https://ubuntu.c...</msg>
<status status="PASS" starttime="20201218 18:38:45.379" endtime="20201218 18:40:05.550"></status>
</kw>
<kw name="Should Contain" library="BuiltIn">
<doc>Fails if ``container`` does not contain ``item`` one or more times.</doc>
<arguments>
<arg>${output}</arg>
<arg>Welcome</arg>
</arguments>
<status status="PASS" starttime="20201218 18:40:05.552" endtime="20201218 18:40:05.553"></status>
</kw>
<kw name="Open Connection" library="SSHLibrary">
<doc>Opens a new SSH connection to the given ``host`` and ``port``.</doc>
<arguments>
<arg>192.168.56.3</arg>
<arg>alias=vm2</arg>
</arguments>
<status status="PASS" starttime="20201218 18:40:05.553" endtime="20201218 18:40:05.554"></status>
</kw>
<kw name="Wait Until Keyword Succeeds" library="BuiltIn">
<doc>Runs the specified keyword and retries if it fails.</doc>
<arguments>
<arg>2min</arg>
<arg>10s</arg>
<arg>Login With Public Key</arg>
<arg>oliveruhlar</arg>
<arg>vm_u2_rsa</arg>
</arguments>
<assign>
<var>${output}</var>
</assign>
<kw name="Login With Public Key" library="SSHLibrary">
<doc>Logs into the SSH server using key-based authentication.</doc>
<arguments>
<arg>oliveruhlar</arg>
<arg>vm_u2_rsa</arg>
</arguments>
<msg timestamp="20201218 18:40:05.557" level="INFO">Logging into '192.168.56.3:22' as 'oliveruhlar'.</msg>
<msg timestamp="20201218 18:40:06.998" level="INFO">Read output: Welcome to Ubuntu 20.04.1 LTS (GNU/Linux 5.4.0-54-generic x86_64)

 * Documentation:  https://help.ubuntu.com
 * Management:     https://landscape.canonical.com
 * Support:        https://ubuntu.com/advantage


255 updates can be installed immediately.
113 of these updates are security updates.
To see these additional updates run: apt list --upgradable


The list of available updates is more than a week old.
To check for new updates run: sudo apt update
Your Hardware Enablement Stack (HWE) is supported until April 2025.
Last login: Tue Dec 15 10:26:53 2020 from 192.168.56.1
oliveruhlar@ubuntu2:~$</msg>
<status status="PASS" starttime="20201218 18:40:05.556" endtime="20201218 18:40:06.998"></status>
</kw>
<msg timestamp="20201218 18:40:06.999" level="INFO">${output} = Welcome to Ubuntu 20.04.1 LTS (GNU/Linux 5.4.0-54-generic x86_64)

 * Documentation:  https://help.ubuntu.com
 * Management:     https://landscape.canonical.com
 * Support:        https://ubuntu.c...</msg>
<status status="PASS" starttime="20201218 18:40:05.554" endtime="20201218 18:40:06.999"></status>
</kw>
<kw name="Should Contain" library="BuiltIn">
<doc>Fails if ``container`` does not contain ``item`` one or more times.</doc>
<arguments>
<arg>${output}</arg>
<arg>Welcome</arg>
</arguments>
<status status="PASS" starttime="20201218 18:40:07.000" endtime="20201218 18:40:07.000"></status>
</kw>
<status status="PASS" starttime="20201218 18:38:45.377" endtime="20201218 18:40:07.001" critical="yes"></status>
</test>
<test id="s1-t2" name="NIC before setting IPs">
<kw name="Switch Connection" library="SSHLibrary">
<doc>Switches the active connection by index or alias.</doc>
<arguments>
<arg>vm1</arg>
</arguments>
<status status="PASS" starttime="20201218 18:40:07.003" endtime="20201218 18:40:07.003"></status>
</kw>
<kw name="Execute Command" library="SSHLibrary">
<doc>Executes ``command`` on the remote machine and returns its outputs.</doc>
<arguments>
<arg>ip addr</arg>
<arg>return_stderr=True</arg>
</arguments>
<assign>
<var>${stdout_vm1}</var>
<var>${stderr}</var>
</assign>
<msg timestamp="20201218 18:40:07.004" level="INFO">Executing command 'ip addr'.</msg>
<msg timestamp="20201218 18:40:07.030" level="INFO">Command exited with return code 0.</msg>
<msg timestamp="20201218 18:40:07.030" level="INFO">${stdout_vm1} = 1: lo: &lt;LOOPBACK,UP,LOWER_UP&gt; mtu 65536 qdisc noqueue state UNKNOWN group default qlen 1000
    link/loopback 00:00:00:00:00:00 brd 00:00:00:00:00:00
    inet 127.0.0.1/8 scope host lo
       valid_lf...</msg>
<msg timestamp="20201218 18:40:07.030" level="INFO">${stderr} = </msg>
<status status="PASS" starttime="20201218 18:40:07.004" endtime="20201218 18:40:07.030"></status>
</kw>
<kw name="Should Be Empty" library="BuiltIn">
<doc>Verifies that the given item is empty.</doc>
<arguments>
<arg>${stderr}</arg>
</arguments>
<msg timestamp="20201218 18:40:07.032" level="INFO">Length is 0</msg>
<status status="PASS" starttime="20201218 18:40:07.031" endtime="20201218 18:40:07.032"></status>
</kw>
<kw name="Log" library="BuiltIn">
<doc>Logs the given message with the given level.</doc>
<arguments>
<arg>${stdout_vm1}</arg>
</arguments>
<msg timestamp="20201218 18:40:07.034" level="INFO">1: lo: &lt;LOOPBACK,UP,LOWER_UP&gt; mtu 65536 qdisc noqueue state UNKNOWN group default qlen 1000
    link/loopback 00:00:00:00:00:00 brd 00:00:00:00:00:00
    inet 127.0.0.1/8 scope host lo
       valid_lft forever preferred_lft forever
    inet6 ::1/128 scope host 
       valid_lft forever preferred_lft forever
2: enp0s3: &lt;BROADCAST,MULTICAST,UP,LOWER_UP&gt; mtu 1500 qdisc fq_codel state UP group default qlen 1000
    link/ether 08:00:27:c4:c2:1e brd ff:ff:ff:ff:ff:ff
    inet 10.0.2.15/24 brd 10.0.2.255 scope global dynamic enp0s3
       valid_lft 86347sec preferred_lft 86347sec
    inet6 fe80::a00:27ff:fec4:c21e/64 scope link 
       valid_lft forever preferred_lft forever
3: enp0s8: &lt;BROADCAST,MULTICAST,UP,LOWER_UP&gt; mtu 1500 qdisc fq_codel state UP group default qlen 1000
    link/ether 08:00:27:ba:8d:08 brd ff:ff:ff:ff:ff:ff
    inet 192.168.56.2/24 brd 192.168.56.255 scope global enp0s8
       valid_lft forever preferred_lft forever
    inet6 fe80::a00:27ff:feba:8d08/64 scope link 
       valid_lft forever preferred_lft forever
4: enp0s9: &lt;BROADCAST,MULTICAST&gt; mtu 1500 qdisc noop state DOWN group default qlen 1000
    link/ether 08:00:27:7e:99:5d brd ff:ff:ff:ff:ff:ff</msg>
<status status="PASS" starttime="20201218 18:40:07.033" endtime="20201218 18:40:07.034"></status>
</kw>
<kw name="Switch Connection" library="SSHLibrary">
<doc>Switches the active connection by index or alias.</doc>
<arguments>
<arg>vm2</arg>
</arguments>
<status status="PASS" starttime="20201218 18:40:07.036" endtime="20201218 18:40:07.037"></status>
</kw>
<kw name="Execute Command" library="SSHLibrary">
<doc>Executes ``command`` on the remote machine and returns its outputs.</doc>
<arguments>
<arg>ip addr</arg>
<arg>return_stderr=True</arg>
</arguments>
<assign>
<var>${stdout_vm2}</var>
<var>${stderr}</var>
</assign>
<msg timestamp="20201218 18:40:07.038" level="INFO">Executing command 'ip addr'.</msg>
<msg timestamp="20201218 18:40:07.063" level="INFO">Command exited with return code 0.</msg>
<msg timestamp="20201218 18:40:07.063" level="INFO">${stdout_vm2} = 1: lo: &lt;LOOPBACK,UP,LOWER_UP&gt; mtu 65536 qdisc noqueue state UNKNOWN group default qlen 1000
    link/loopback 00:00:00:00:00:00 brd 00:00:00:00:00:00
    inet 127.0.0.1/8 scope host lo
       valid_lf...</msg>
<msg timestamp="20201218 18:40:07.063" level="INFO">${stderr} = </msg>
<status status="PASS" starttime="20201218 18:40:07.038" endtime="20201218 18:40:07.063"></status>
</kw>
<kw name="Should Be Empty" library="BuiltIn">
<doc>Verifies that the given item is empty.</doc>
<arguments>
<arg>${stderr}</arg>
</arguments>
<msg timestamp="20201218 18:40:07.064" level="INFO">Length is 0</msg>
<status status="PASS" starttime="20201218 18:40:07.063" endtime="20201218 18:40:07.064"></status>
</kw>
<kw name="Log" library="BuiltIn">
<doc>Logs the given message with the given level.</doc>
<arguments>
<arg>${stdout_vm2}</arg>
</arguments>
<msg timestamp="20201218 18:40:07.065" level="INFO">1: lo: &lt;LOOPBACK,UP,LOWER_UP&gt; mtu 65536 qdisc noqueue state UNKNOWN group default qlen 1000
    link/loopback 00:00:00:00:00:00 brd 00:00:00:00:00:00
    inet 127.0.0.1/8 scope host lo
       valid_lft forever preferred_lft forever
    inet6 ::1/128 scope host 
       valid_lft forever preferred_lft forever
2: enp0s3: &lt;BROADCAST,MULTICAST,UP,LOWER_UP&gt; mtu 1500 qdisc fq_codel state UP group default qlen 1000
    link/ether 08:00:27:2c:b3:85 brd ff:ff:ff:ff:ff:ff
    inet 10.0.2.15/24 brd 10.0.2.255 scope global dynamic enp0s3
       valid_lft 86345sec preferred_lft 86345sec
    inet6 fe80::a00:27ff:fe2c:b385/64 scope link 
       valid_lft forever preferred_lft forever
3: enp0s8: &lt;BROADCAST,MULTICAST,UP,LOWER_UP&gt; mtu 1500 qdisc fq_codel state UP group default qlen 1000
    link/ether 08:00:27:f9:ea:d5 brd ff:ff:ff:ff:ff:ff
    inet 192.168.56.3/24 brd 192.168.56.255 scope global enp0s8
       valid_lft forever preferred_lft forever
    inet6 fe80::a00:27ff:fef9:ead5/64 scope link 
       valid_lft forever preferred_lft forever
4: enp0s9: &lt;BROADCAST,MULTICAST&gt; mtu 1500 qdisc noop state DOWN group default qlen 1000
    link/ether 08:00:27:56:81:76 brd ff:ff:ff:ff:ff:ff</msg>
<status status="PASS" starttime="20201218 18:40:07.064" endtime="20201218 18:40:07.065"></status>
</kw>
<status status="PASS" starttime="20201218 18:40:07.002" endtime="20201218 18:40:07.065" critical="yes"></status>
</test>
<test id="s1-t3" name="Ping before setting IPs">
<kw name="Switch Connection" library="SSHLibrary">
<doc>Switches the active connection by index or alias.</doc>
<arguments>
<arg>vm1</arg>
</arguments>
<status status="PASS" starttime="20201218 18:40:07.067" endtime="20201218 18:40:07.067"></status>
</kw>
<kw name="Execute Command" library="SSHLibrary">
<doc>Executes ``command`` on the remote machine and returns its outputs.</doc>
<arguments>
<arg>ping -c 3 10.2.0.24</arg>
<arg>return_stderr=True</arg>
</arguments>
<assign>
<var>${stdout_vm1}</var>
<var>${stderr}</var>
</assign>
<msg timestamp="20201218 18:40:07.068" level="INFO">Executing command 'ping -c 3 10.2.0.24'.</msg>
<msg timestamp="20201218 18:40:19.119" level="INFO">Command exited with return code 1.</msg>
<msg timestamp="20201218 18:40:19.119" level="INFO">${stdout_vm1} = PING 10.2.0.24 (10.2.0.24) 56(84) bytes of data.

--- 10.2.0.24 ping statistics ---
3 packets transmitted, 0 received, 100% packet loss, time 2026ms</msg>
<msg timestamp="20201218 18:40:19.120" level="INFO">${stderr} = </msg>
<status status="PASS" starttime="20201218 18:40:07.068" endtime="20201218 18:40:19.120"></status>
</kw>
<kw name="Should Be Empty" library="BuiltIn">
<doc>Verifies that the given item is empty.</doc>
<arguments>
<arg>${stderr}</arg>
</arguments>
<msg timestamp="20201218 18:40:19.122" level="INFO">Length is 0</msg>
<status status="PASS" starttime="20201218 18:40:19.121" endtime="20201218 18:40:19.122"></status>
</kw>
<kw name="Should Contain X Times" library="BuiltIn">
<doc>Fails if ``container`` does not contain ``item`` ``count`` times.</doc>
<arguments>
<arg>${stdout_vm1}</arg>
<arg>100% packet loss</arg>
<arg>1</arg>
</arguments>
<msg timestamp="20201218 18:40:19.123" level="INFO">Item found from container 1 time.</msg>
<status status="PASS" starttime="20201218 18:40:19.123" endtime="20201218 18:40:19.123"></status>
</kw>
<kw name="Log" library="BuiltIn">
<doc>Logs the given message with the given level.</doc>
<arguments>
<arg>${stdout_vm1}</arg>
</arguments>
<msg timestamp="20201218 18:40:19.125" level="INFO">PING 10.2.0.24 (10.2.0.24) 56(84) bytes of data.

--- 10.2.0.24 ping statistics ---
3 packets transmitted, 0 received, 100% packet loss, time 2026ms</msg>
<status status="PASS" starttime="20201218 18:40:19.124" endtime="20201218 18:40:19.125"></status>
</kw>
<kw name="Switch Connection" library="SSHLibrary">
<doc>Switches the active connection by index or alias.</doc>
<arguments>
<arg>vm2</arg>
</arguments>
<status status="PASS" starttime="20201218 18:40:19.125" endtime="20201218 18:40:19.126"></status>
</kw>
<kw name="Execute Command" library="SSHLibrary">
<doc>Executes ``command`` on the remote machine and returns its outputs.</doc>
<arguments>
<arg>ping -c 3 10.2.0.23</arg>
<arg>return_stderr=True</arg>
</arguments>
<assign>
<var>${stdout_vm2}</var>
<var>${stderr}</var>
</assign>
<msg timestamp="20201218 18:40:19.127" level="INFO">Executing command 'ping -c 3 10.2.0.23'.</msg>
<msg timestamp="20201218 18:40:31.186" level="INFO">Command exited with return code 1.</msg>
<msg timestamp="20201218 18:40:31.187" level="INFO">${stdout_vm2} = PING 10.2.0.23 (10.2.0.23) 56(84) bytes of data.

--- 10.2.0.23 ping statistics ---
3 packets transmitted, 0 received, 100% packet loss, time 2034ms</msg>
<msg timestamp="20201218 18:40:31.187" level="INFO">${stderr} = </msg>
<status status="PASS" starttime="20201218 18:40:19.127" endtime="20201218 18:40:31.187"></status>
</kw>
<kw name="Should Be Empty" library="BuiltIn">
<doc>Verifies that the given item is empty.</doc>
<arguments>
<arg>${stderr}</arg>
</arguments>
<msg timestamp="20201218 18:40:31.189" level="INFO">Length is 0</msg>
<status status="PASS" starttime="20201218 18:40:31.188" endtime="20201218 18:40:31.189"></status>
</kw>
<kw name="Should Contain X Times" library="BuiltIn">
<doc>Fails if ``container`` does not contain ``item`` ``count`` times.</doc>
<arguments>
<arg>${stdout_vm2}</arg>
<arg>100% packet loss</arg>
<arg>1</arg>
</arguments>
<msg timestamp="20201218 18:40:31.191" level="INFO">Item found from container 1 time.</msg>
<status status="PASS" starttime="20201218 18:40:31.190" endtime="20201218 18:40:31.191"></status>
</kw>
<kw name="Log" library="BuiltIn">
<doc>Logs the given message with the given level.</doc>
<arguments>
<arg>${stdout_vm2}</arg>
</arguments>
<msg timestamp="20201218 18:40:31.193" level="INFO">PING 10.2.0.23 (10.2.0.23) 56(84) bytes of data.

--- 10.2.0.23 ping statistics ---
3 packets transmitted, 0 received, 100% packet loss, time 2034ms</msg>
<status status="PASS" starttime="20201218 18:40:31.192" endtime="20201218 18:40:31.193"></status>
</kw>
<status status="PASS" starttime="20201218 18:40:07.066" endtime="20201218 18:40:31.194" critical="yes"></status>
</test>
<test id="s1-t4" name="Set IPs">
<kw name="Switch Connection" library="SSHLibrary">
<doc>Switches the active connection by index or alias.</doc>
<arguments>
<arg>vm1</arg>
</arguments>
<status status="PASS" starttime="20201218 18:40:31.199" endtime="20201218 18:40:31.200"></status>
</kw>
<kw name="Execute Command" library="SSHLibrary">
<doc>Executes ``command`` on the remote machine and returns its outputs.</doc>
<arguments>
<arg>sudo ifconfig enp0s9 10.2.0.23 up</arg>
<arg>return_stderr=True</arg>
</arguments>
<assign>
<var>${stdout_vm1}</var>
<var>${stderr}</var>
</assign>
<msg timestamp="20201218 18:40:31.201" level="INFO">Executing command 'sudo ifconfig enp0s9 10.2.0.23 up'.</msg>
<msg timestamp="20201218 18:40:31.298" level="INFO">Command exited with return code 0.</msg>
<msg timestamp="20201218 18:40:31.298" level="INFO">${stdout_vm1} = </msg>
<msg timestamp="20201218 18:40:31.298" level="INFO">${stderr} = </msg>
<status status="PASS" starttime="20201218 18:40:31.200" endtime="20201218 18:40:31.298"></status>
</kw>
<kw name="Should Be Empty" library="BuiltIn">
<doc>Verifies that the given item is empty.</doc>
<arguments>
<arg>${stderr}</arg>
</arguments>
<msg timestamp="20201218 18:40:31.300" level="INFO">Length is 0</msg>
<status status="PASS" starttime="20201218 18:40:31.300" endtime="20201218 18:40:31.300"></status>
</kw>
<kw name="Log" library="BuiltIn">
<doc>Logs the given message with the given level.</doc>
<arguments>
<arg>${stdout_vm1}</arg>
</arguments>
<msg timestamp="20201218 18:40:31.302" level="INFO"></msg>
<status status="PASS" starttime="20201218 18:40:31.301" endtime="20201218 18:40:31.302"></status>
</kw>
<kw name="Switch Connection" library="SSHLibrary">
<doc>Switches the active connection by index or alias.</doc>
<arguments>
<arg>vm2</arg>
</arguments>
<status status="PASS" starttime="20201218 18:40:31.303" endtime="20201218 18:40:31.303"></status>
</kw>
<kw name="Execute Command" library="SSHLibrary">
<doc>Executes ``command`` on the remote machine and returns its outputs.</doc>
<arguments>
<arg>sudo ifconfig enp0s9 10.2.0.24 up</arg>
<arg>return_stderr=True</arg>
</arguments>
<assign>
<var>${stdout_vm2}</var>
<var>${stderr}</var>
</assign>
<msg timestamp="20201218 18:40:31.305" level="INFO">Executing command 'sudo ifconfig enp0s9 10.2.0.24 up'.</msg>
<msg timestamp="20201218 18:40:31.353" level="INFO">Command exited with return code 0.</msg>
<msg timestamp="20201218 18:40:31.353" level="INFO">${stdout_vm2} = </msg>
<msg timestamp="20201218 18:40:31.353" level="INFO">${stderr} = </msg>
<status status="PASS" starttime="20201218 18:40:31.304" endtime="20201218 18:40:31.353"></status>
</kw>
<kw name="Should Be Empty" library="BuiltIn">
<doc>Verifies that the given item is empty.</doc>
<arguments>
<arg>${stderr}</arg>
</arguments>
<msg timestamp="20201218 18:40:31.354" level="INFO">Length is 0</msg>
<status status="PASS" starttime="20201218 18:40:31.354" endtime="20201218 18:40:31.354"></status>
</kw>
<kw name="Log" library="BuiltIn">
<doc>Logs the given message with the given level.</doc>
<arguments>
<arg>${stdout_vm2}</arg>
</arguments>
<msg timestamp="20201218 18:40:31.354" level="INFO"></msg>
<status status="PASS" starttime="20201218 18:40:31.354" endtime="20201218 18:40:31.354"></status>
</kw>
<status status="PASS" starttime="20201218 18:40:31.198" endtime="20201218 18:40:31.354" critical="yes"></status>
</test>
<test id="s1-t5" name="Ping after setting IPs">
<kw name="Switch Connection" library="SSHLibrary">
<doc>Switches the active connection by index or alias.</doc>
<arguments>
<arg>vm1</arg>
</arguments>
<status status="PASS" starttime="20201218 18:40:31.359" endtime="20201218 18:40:31.359"></status>
</kw>
<kw name="Execute Command" library="SSHLibrary">
<doc>Executes ``command`` on the remote machine and returns its outputs.</doc>
<arguments>
<arg>ping -c 3 10.2.0.24</arg>
<arg>return_stderr=True</arg>
</arguments>
<assign>
<var>${stdout_vm1}</var>
<var>${stderr}</var>
</assign>
<msg timestamp="20201218 18:40:31.359" level="INFO">Executing command 'ping -c 3 10.2.0.24'.</msg>
<msg timestamp="20201218 18:40:33.378" level="INFO">Command exited with return code 0.</msg>
<msg timestamp="20201218 18:40:33.379" level="INFO">${stdout_vm1} = PING 10.2.0.24 (10.2.0.24) 56(84) bytes of data.
64 bytes from 10.2.0.24: icmp_seq=1 ttl=64 time=0.923 ms
64 bytes from 10.2.0.24: icmp_seq=2 ttl=64 time=8.00 ms
64 bytes from 10.2.0.24: icmp_seq=3 tt...</msg>
<msg timestamp="20201218 18:40:33.379" level="INFO">${stderr} = </msg>
<status status="PASS" starttime="20201218 18:40:31.359" endtime="20201218 18:40:33.379"></status>
</kw>
<kw name="Should Be Empty" library="BuiltIn">
<doc>Verifies that the given item is empty.</doc>
<arguments>
<arg>${stderr}</arg>
</arguments>
<msg timestamp="20201218 18:40:33.380" level="INFO">Length is 0</msg>
<status status="PASS" starttime="20201218 18:40:33.380" endtime="20201218 18:40:33.381"></status>
</kw>
<kw name="Should Contain X Times" library="BuiltIn">
<doc>Fails if ``container`` does not contain ``item`` ``count`` times.</doc>
<arguments>
<arg>${stdout_vm1}</arg>
<arg>3 received</arg>
<arg>1</arg>
</arguments>
<msg timestamp="20201218 18:40:33.382" level="INFO">Item found from container 1 time.</msg>
<status status="PASS" starttime="20201218 18:40:33.382" endtime="20201218 18:40:33.382"></status>
</kw>
<kw name="Log" library="BuiltIn">
<doc>Logs the given message with the given level.</doc>
<arguments>
<arg>${stdout_vm1}</arg>
</arguments>
<msg timestamp="20201218 18:40:33.384" level="INFO">PING 10.2.0.24 (10.2.0.24) 56(84) bytes of data.
64 bytes from 10.2.0.24: icmp_seq=1 ttl=64 time=0.923 ms
64 bytes from 10.2.0.24: icmp_seq=2 ttl=64 time=8.00 ms
64 bytes from 10.2.0.24: icmp_seq=3 ttl=64 time=0.611 ms

--- 10.2.0.24 ping statistics ---
3 packets transmitted, 3 received, 0% packet loss, time 2004ms
rtt min/avg/max/mdev = 0.611/3.179/8.004/3.413 ms</msg>
<status status="PASS" starttime="20201218 18:40:33.383" endtime="20201218 18:40:33.384"></status>
</kw>
<kw name="Switch Connection" library="SSHLibrary">
<doc>Switches the active connection by index or alias.</doc>
<arguments>
<arg>vm2</arg>
</arguments>
<status status="PASS" starttime="20201218 18:40:33.385" endtime="20201218 18:40:33.385"></status>
</kw>
<kw name="Execute Command" library="SSHLibrary">
<doc>Executes ``command`` on the remote machine and returns its outputs.</doc>
<arguments>
<arg>ping -c 3 10.2.0.23</arg>
<arg>return_stderr=True</arg>
</arguments>
<assign>
<var>${stdout_vm2}</var>
<var>${stderr}</var>
</assign>
<msg timestamp="20201218 18:40:33.386" level="INFO">Executing command 'ping -c 3 10.2.0.23'.</msg>
<msg timestamp="20201218 18:40:35.447" level="INFO">Command exited with return code 0.</msg>
<msg timestamp="20201218 18:40:35.447" level="INFO">${stdout_vm2} = PING 10.2.0.23 (10.2.0.23) 56(84) bytes of data.
64 bytes from 10.2.0.23: icmp_seq=1 ttl=64 time=0.535 ms
64 bytes from 10.2.0.23: icmp_seq=2 ttl=64 time=0.522 ms
64 bytes from 10.2.0.23: icmp_seq=3 t...</msg>
<msg timestamp="20201218 18:40:35.447" level="INFO">${stderr} = </msg>
<status status="PASS" starttime="20201218 18:40:33.386" endtime="20201218 18:40:35.448"></status>
</kw>
<kw name="Should Be Empty" library="BuiltIn">
<doc>Verifies that the given item is empty.</doc>
<arguments>
<arg>${stderr}</arg>
</arguments>
<msg timestamp="20201218 18:40:35.450" level="INFO">Length is 0</msg>
<status status="PASS" starttime="20201218 18:40:35.449" endtime="20201218 18:40:35.450"></status>
</kw>
<kw name="Should Contain X Times" library="BuiltIn">
<doc>Fails if ``container`` does not contain ``item`` ``count`` times.</doc>
<arguments>
<arg>${stdout_vm2}</arg>
<arg>3 received</arg>
<arg>1</arg>
</arguments>
<msg timestamp="20201218 18:40:35.451" level="INFO">Item found from container 1 time.</msg>
<status status="PASS" starttime="20201218 18:40:35.450" endtime="20201218 18:40:35.451"></status>
</kw>
<kw name="Log" library="BuiltIn">
<doc>Logs the given message with the given level.</doc>
<arguments>
<arg>${stdout_vm2}</arg>
</arguments>
<msg timestamp="20201218 18:40:35.452" level="INFO">PING 10.2.0.23 (10.2.0.23) 56(84) bytes of data.
64 bytes from 10.2.0.23: icmp_seq=1 ttl=64 time=0.535 ms
64 bytes from 10.2.0.23: icmp_seq=2 ttl=64 time=0.522 ms
64 bytes from 10.2.0.23: icmp_seq=3 ttl=64 time=0.586 ms

--- 10.2.0.23 ping statistics ---
3 packets transmitted, 3 received, 0% packet loss, time 2047ms
rtt min/avg/max/mdev = 0.522/0.547/0.586/0.027 ms</msg>
<status status="PASS" starttime="20201218 18:40:35.451" endtime="20201218 18:40:35.452"></status>
</kw>
<status status="PASS" starttime="20201218 18:40:31.357" endtime="20201218 18:40:35.452" critical="yes"></status>
</test>
<test id="s1-t6" name="NIC after setting IPs">
<kw name="Switch Connection" library="SSHLibrary">
<doc>Switches the active connection by index or alias.</doc>
<arguments>
<arg>vm1</arg>
</arguments>
<status status="PASS" starttime="20201218 18:40:35.456" endtime="20201218 18:40:35.456"></status>
</kw>
<kw name="Execute Command" library="SSHLibrary">
<doc>Executes ``command`` on the remote machine and returns its outputs.</doc>
<arguments>
<arg>ip addr</arg>
<arg>return_stderr=True</arg>
</arguments>
<assign>
<var>${stdout_vm1}</var>
<var>${stderr}</var>
</assign>
<msg timestamp="20201218 18:40:35.457" level="INFO">Executing command 'ip addr'.</msg>
<msg timestamp="20201218 18:40:35.474" level="INFO">Command exited with return code 0.</msg>
<msg timestamp="20201218 18:40:35.474" level="INFO">${stdout_vm1} = 1: lo: &lt;LOOPBACK,UP,LOWER_UP&gt; mtu 65536 qdisc noqueue state UNKNOWN group default qlen 1000
    link/loopback 00:00:00:00:00:00 brd 00:00:00:00:00:00
    inet 127.0.0.1/8 scope host lo
       valid_lf...</msg>
<msg timestamp="20201218 18:40:35.474" level="INFO">${stderr} = </msg>
<status status="PASS" starttime="20201218 18:40:35.457" endtime="20201218 18:40:35.474"></status>
</kw>
<kw name="Should Be Empty" library="BuiltIn">
<doc>Verifies that the given item is empty.</doc>
<arguments>
<arg>${stderr}</arg>
</arguments>
<msg timestamp="20201218 18:40:35.475" level="INFO">Length is 0</msg>
<status status="PASS" starttime="20201218 18:40:35.475" endtime="20201218 18:40:35.475"></status>
</kw>
<kw name="Should Contain" library="BuiltIn">
<doc>Fails if ``container`` does not contain ``item`` one or more times.</doc>
<arguments>
<arg>${stdout_vm1}</arg>
<arg>10.2.0.23</arg>
</arguments>
<status status="PASS" starttime="20201218 18:40:35.476" endtime="20201218 18:40:35.476"></status>
</kw>
<kw name="Log" library="BuiltIn">
<doc>Logs the given message with the given level.</doc>
<arguments>
<arg>${stdout_vm1}</arg>
</arguments>
<msg timestamp="20201218 18:40:35.478" level="INFO">1: lo: &lt;LOOPBACK,UP,LOWER_UP&gt; mtu 65536 qdisc noqueue state UNKNOWN group default qlen 1000
    link/loopback 00:00:00:00:00:00 brd 00:00:00:00:00:00
    inet 127.0.0.1/8 scope host lo
       valid_lft forever preferred_lft forever
    inet6 ::1/128 scope host 
       valid_lft forever preferred_lft forever
2: enp0s3: &lt;BROADCAST,MULTICAST,UP,LOWER_UP&gt; mtu 1500 qdisc fq_codel state UP group default qlen 1000
    link/ether 08:00:27:c4:c2:1e brd ff:ff:ff:ff:ff:ff
    inet 10.0.2.15/24 brd 10.0.2.255 scope global dynamic enp0s3
       valid_lft 86319sec preferred_lft 86319sec
    inet6 fe80::a00:27ff:fec4:c21e/64 scope link 
       valid_lft forever preferred_lft forever
3: enp0s8: &lt;BROADCAST,MULTICAST,UP,LOWER_UP&gt; mtu 1500 qdisc fq_codel state UP group default qlen 1000
    link/ether 08:00:27:ba:8d:08 brd ff:ff:ff:ff:ff:ff
    inet 192.168.56.2/24 brd 192.168.56.255 scope global enp0s8
       valid_lft forever preferred_lft forever
    inet6 fe80::a00:27ff:feba:8d08/64 scope link 
       valid_lft forever preferred_lft forever
4: enp0s9: &lt;BROADCAST,MULTICAST,UP,LOWER_UP&gt; mtu 1500 qdisc fq_codel state UP group default qlen 1000
    link/ether 08:00:27:7e:99:5d brd ff:ff:ff:ff:ff:ff
    inet 10.2.0.23/8 brd 10.255.255.255 scope global enp0s9
       valid_lft forever preferred_lft forever
    inet6 fe80::a00:27ff:fe7e:995d/64 scope link 
       valid_lft forever preferred_lft forever</msg>
<status status="PASS" starttime="20201218 18:40:35.477" endtime="20201218 18:40:35.478"></status>
</kw>
<kw name="Switch Connection" library="SSHLibrary">
<doc>Switches the active connection by index or alias.</doc>
<arguments>
<arg>vm2</arg>
</arguments>
<status status="PASS" starttime="20201218 18:40:35.479" endtime="20201218 18:40:35.479"></status>
</kw>
<kw name="Execute Command" library="SSHLibrary">
<doc>Executes ``command`` on the remote machine and returns its outputs.</doc>
<arguments>
<arg>ip addr</arg>
<arg>return_stderr=True</arg>
</arguments>
<assign>
<var>${stdout_vm2}</var>
<var>${stderr}</var>
</assign>
<msg timestamp="20201218 18:40:35.480" level="INFO">Executing command 'ip addr'.</msg>
<msg timestamp="20201218 18:40:35.501" level="INFO">Command exited with return code 0.</msg>
<msg timestamp="20201218 18:40:35.501" level="INFO">${stdout_vm2} = 1: lo: &lt;LOOPBACK,UP,LOWER_UP&gt; mtu 65536 qdisc noqueue state UNKNOWN group default qlen 1000
    link/loopback 00:00:00:00:00:00 brd 00:00:00:00:00:00
    inet 127.0.0.1/8 scope host lo
       valid_lf...</msg>
<msg timestamp="20201218 18:40:35.501" level="INFO">${stderr} = </msg>
<status status="PASS" starttime="20201218 18:40:35.479" endtime="20201218 18:40:35.502"></status>
</kw>
<kw name="Should Be Empty" library="BuiltIn">
<doc>Verifies that the given item is empty.</doc>
<arguments>
<arg>${stderr}</arg>
</arguments>
<msg timestamp="20201218 18:40:35.505" level="INFO">Length is 0</msg>
<status status="PASS" starttime="20201218 18:40:35.504" endtime="20201218 18:40:35.505"></status>
</kw>
<kw name="Should Contain" library="BuiltIn">
<doc>Fails if ``container`` does not contain ``item`` one or more times.</doc>
<arguments>
<arg>${stdout_vm2}</arg>
<arg>10.2.0.24</arg>
</arguments>
<status status="PASS" starttime="20201218 18:40:35.506" endtime="20201218 18:40:35.506"></status>
</kw>
<kw name="Log" library="BuiltIn">
<doc>Logs the given message with the given level.</doc>
<arguments>
<arg>${stdout_vm2}</arg>
</arguments>
<msg timestamp="20201218 18:40:35.507" level="INFO">1: lo: &lt;LOOPBACK,UP,LOWER_UP&gt; mtu 65536 qdisc noqueue state UNKNOWN group default qlen 1000
    link/loopback 00:00:00:00:00:00 brd 00:00:00:00:00:00
    inet 127.0.0.1/8 scope host lo
       valid_lft forever preferred_lft forever
    inet6 ::1/128 scope host 
       valid_lft forever preferred_lft forever
2: enp0s3: &lt;BROADCAST,MULTICAST,UP,LOWER_UP&gt; mtu 1500 qdisc fq_codel state UP group default qlen 1000
    link/ether 08:00:27:2c:b3:85 brd ff:ff:ff:ff:ff:ff
    inet 10.0.2.15/24 brd 10.0.2.255 scope global dynamic enp0s3
       valid_lft 86317sec preferred_lft 86317sec
    inet6 fe80::a00:27ff:fe2c:b385/64 scope link 
       valid_lft forever preferred_lft forever
3: enp0s8: &lt;BROADCAST,MULTICAST,UP,LOWER_UP&gt; mtu 1500 qdisc fq_codel state UP group default qlen 1000
    link/ether 08:00:27:f9:ea:d5 brd ff:ff:ff:ff:ff:ff
    inet 192.168.56.3/24 brd 192.168.56.255 scope global enp0s8
       valid_lft forever preferred_lft forever
    inet6 fe80::a00:27ff:fef9:ead5/64 scope link 
       valid_lft forever preferred_lft forever
4: enp0s9: &lt;BROADCAST,MULTICAST,UP,LOWER_UP&gt; mtu 1500 qdisc fq_codel state UP group default qlen 1000
    link/ether 08:00:27:56:81:76 brd ff:ff:ff:ff:ff:ff
    inet 10.2.0.24/8 brd 10.255.255.255 scope global enp0s9
       valid_lft forever preferred_lft forever
    inet6 fe80::a00:27ff:fe56:8176/64 scope link 
       valid_lft forever preferred_lft forever</msg>
<status status="PASS" starttime="20201218 18:40:35.507" endtime="20201218 18:40:35.508"></status>
</kw>
<status status="PASS" starttime="20201218 18:40:35.455" endtime="20201218 18:40:35.508" critical="yes"></status>
</test>
<kw name="Teardown vms" type="teardown">
<kw name="Close All Connections" library="SSHLibrary">
<doc>Closes all open connections.</doc>
<status status="PASS" starttime="20201218 18:40:35.512" endtime="20201218 18:40:35.514"></status>
</kw>
<kw name="Start Process" library="Process">
<doc>Starts a new process on background.</doc>
<arguments>
<arg>C:\\Program Files\\Oracle\\VirtualBox\\VBoxManage.exe</arg>
<arg>controlvm</arg>
<arg>ubuntu_1</arg>
<arg>poweroff</arg>
</arguments>
<msg timestamp="20201218 18:40:35.515" level="INFO">Starting process:
"C:\Program Files\Oracle\VirtualBox\VBoxManage.exe" controlvm ubuntu_1 poweroff</msg>
<status status="PASS" starttime="20201218 18:40:35.515" endtime="20201218 18:40:35.520"></status>
</kw>
<kw name="Start Process" library="Process">
<doc>Starts a new process on background.</doc>
<arguments>
<arg>C:\\Program Files\\Oracle\\VirtualBox\\VBoxManage.exe</arg>
<arg>controlvm</arg>
<arg>ubuntu_2</arg>
<arg>poweroff</arg>
</arguments>
<msg timestamp="20201218 18:40:35.521" level="INFO">Starting process:
"C:\Program Files\Oracle\VirtualBox\VBoxManage.exe" controlvm ubuntu_2 poweroff</msg>
<status status="PASS" starttime="20201218 18:40:35.520" endtime="20201218 18:40:35.524"></status>
</kw>
<status status="PASS" starttime="20201218 18:40:35.512" endtime="20201218 18:40:35.524"></status>
</kw>
<status status="PASS" starttime="20201218 18:38:44.860" endtime="20201218 18:40:35.524"></status>
</suite>
<statistics>
<total>
<stat pass="6" fail="0">Critical Tests</stat>
<stat pass="6" fail="0">All Tests</stat>
</total>
<tag>
</tag>
<suite>
<stat pass="6" fail="0" id="s1" name="Ssh Connect">Ssh Connect</stat>
</suite>
</statistics>
<errors>
</errors>
</robot>
